[I 08:22:13.493 NotebookApp] Serving notebooks from local directory: /home/ubuntu/code/libs/axondeepseg/notebooks
[I 08:22:13.494 NotebookApp] Jupyter Notebook 6.1.3 is running at:
[I 08:22:13.494 NotebookApp] http://localhost:6666/
[I 08:22:13.494 NotebookApp] Use Control-C to stop this server and shut down all kernels (twice to skip confirmation).
[I 08:23:37.812 NotebookApp] Serving notebooks from local directory: /home/ubuntu/code/libs/axondeepseg/notebooks
[I 08:23:37.812 NotebookApp] Jupyter Notebook 6.1.3 is running at:
[I 08:23:37.812 NotebookApp] http://localhost:5050/
[I 08:23:37.812 NotebookApp] Use Control-C to stop this server and shut down all kernels (twice to skip confirmation).
[I 08:23:44.185 NotebookApp] 302 GET / (::1) 0.74ms
[I 08:23:44.187 NotebookApp] 302 GET /tree? (::1) 0.81ms
[I 08:24:02.734 NotebookApp] 302 POST /login?next=%2Ftree%3F (::1) 1.39ms
[W 08:24:10.305 NotebookApp] Notebook 02-training_guideline.ipynb is not trusted
[W 08:25:51.815 NotebookApp] Notebook 02-training_guideline.ipynb is not trusted
[I 08:25:56.972 NotebookApp] Kernel started: d67bda78-7ffa-48b5-bc6a-6da2a2ab75cd, name: env
2020-08-18 08:27:49.513330: I tensorflow/core/platform/cpu_feature_guard.cc:142] Your CPU supports instructions that this TensorFlow binary was not compiled to use: AVX2 AVX512F FMA
2020-08-18 08:27:49.519373: I tensorflow/core/platform/profile_utils/cpu_utils.cc:94] CPU Frequency: 1995310000 Hz
2020-08-18 08:27:49.520674: I tensorflow/compiler/xla/service/service.cc:168] XLA service 0x562e7986d0f0 initialized for platform Host (this does not guarantee that XLA will be used). Devices:
2020-08-18 08:27:49.520715: I tensorflow/compiler/xla/service/service.cc:176]   StreamExecutor device (0): Host, Default Version
[I 08:27:52.383 NotebookApp] Saving file at /02-training_guideline.ipynb
[I 08:29:52.642 NotebookApp] Saving file at /02-training_guideline.ipynb
[I 08:31:52.640 NotebookApp] Saving file at /02-training_guideline.ipynb
[I 08:33:52.382 NotebookApp] Saving file at /02-training_guideline.ipynb
[I 08:35:52.641 NotebookApp] Saving file at /02-training_guideline.ipynb
[I 08:37:52.651 NotebookApp] Saving file at /02-training_guideline.ipynb
[I 08:39:52.642 NotebookApp] Saving file at /02-training_guideline.ipynb
[I 08:41:52.648 NotebookApp] Saving file at /02-training_guideline.ipynb
[I 08:43:52.639 NotebookApp] Saving file at /02-training_guideline.ipynb
[I 08:45:52.643 NotebookApp] Saving file at /02-training_guideline.ipynb
[I 08:47:52.639 NotebookApp] Saving file at /02-training_guideline.ipynb
[I 08:49:52.642 NotebookApp] Saving file at /02-training_guideline.ipynb
[I 08:51:52.642 NotebookApp] Saving file at /02-training_guideline.ipynb
[I 08:53:52.639 NotebookApp] Saving file at /02-training_guideline.ipynb
[I 08:55:52.643 NotebookApp] Saving file at /02-training_guideline.ipynb
[I 08:57:52.649 NotebookApp] Saving file at /02-training_guideline.ipynb
[I 08:59:52.642 NotebookApp] Saving file at /02-training_guideline.ipynb
[I 09:01:52.639 NotebookApp] Saving file at /02-training_guideline.ipynb
[I 09:03:52.640 NotebookApp] Saving file at /02-training_guideline.ipynb
[I 09:05:52.640 NotebookApp] Saving file at /02-training_guideline.ipynb
[I 09:07:52.644 NotebookApp] Saving file at /02-training_guideline.ipynb
[I 09:09:52.638 NotebookApp] Saving file at /02-training_guideline.ipynb
[I 09:11:52.642 NotebookApp] Saving file at /02-training_guideline.ipynb
[I 09:13:52.641 NotebookApp] Saving file at /02-training_guideline.ipynb
[I 09:15:52.640 NotebookApp] Saving file at /02-training_guideline.ipynb
[I 09:17:52.640 NotebookApp] Saving file at /02-training_guideline.ipynb
[I 09:19:52.637 NotebookApp] Saving file at /02-training_guideline.ipynb
[I 09:21:52.643 NotebookApp] Saving file at /02-training_guideline.ipynb
[I 09:23:52.638 NotebookApp] Saving file at /02-training_guideline.ipynb
[I 09:25:52.638 NotebookApp] Saving file at /02-training_guideline.ipynb
[I 09:27:52.638 NotebookApp] Saving file at /02-training_guideline.ipynb
[I 09:29:52.641 NotebookApp] Saving file at /02-training_guideline.ipynb
[I 09:31:52.643 NotebookApp] Saving file at /02-training_guideline.ipynb
[I 09:33:52.642 NotebookApp] Saving file at /02-training_guideline.ipynb
[I 09:35:52.640 NotebookApp] Saving file at /02-training_guideline.ipynb
[I 09:37:52.640 NotebookApp] Saving file at /02-training_guideline.ipynb
[I 09:39:52.638 NotebookApp] Saving file at /02-training_guideline.ipynb
[I 09:41:52.638 NotebookApp] Saving file at /02-training_guideline.ipynb
[I 09:43:52.639 NotebookApp] Saving file at /02-training_guideline.ipynb
[I 09:45:52.640 NotebookApp] Saving file at /02-training_guideline.ipynb
[I 09:47:52.642 NotebookApp] Saving file at /02-training_guideline.ipynb
[I 09:49:52.641 NotebookApp] Saving file at /02-training_guideline.ipynb
[I 09:51:52.640 NotebookApp] Saving file at /02-training_guideline.ipynb
[I 09:53:52.640 NotebookApp] Saving file at /02-training_guideline.ipynb
[I 09:55:52.639 NotebookApp] Saving file at /02-training_guideline.ipynb
[I 09:57:52.641 NotebookApp] Saving file at /02-training_guideline.ipynb
[I 09:59:52.643 NotebookApp] Saving file at /02-training_guideline.ipynb
[I 10:01:52.638 NotebookApp] Saving file at /02-training_guideline.ipynb
[I 10:03:52.641 NotebookApp] Saving file at /02-training_guideline.ipynb
[I 10:05:52.641 NotebookApp] Saving file at /02-training_guideline.ipynb
[I 10:07:52.640 NotebookApp] Saving file at /02-training_guideline.ipynb
[I 10:09:52.640 NotebookApp] Saving file at /02-training_guideline.ipynb
[I 10:11:52.640 NotebookApp] Saving file at /02-training_guideline.ipynb
[I 10:13:52.640 NotebookApp] Saving file at /02-training_guideline.ipynb
[I 10:15:52.640 NotebookApp] Saving file at /02-training_guideline.ipynb
[I 10:17:52.637 NotebookApp] Saving file at /02-training_guideline.ipynb
[I 10:19:52.644 NotebookApp] Saving file at /02-training_guideline.ipynb
[I 10:21:52.642 NotebookApp] Saving file at /02-training_guideline.ipynb
[I 10:23:52.638 NotebookApp] Saving file at /02-training_guideline.ipynb
[I 10:25:52.642 NotebookApp] Saving file at /02-training_guideline.ipynb
[I 10:27:52.642 NotebookApp] Saving file at /02-training_guideline.ipynb
[I 10:29:52.638 NotebookApp] Saving file at /02-training_guideline.ipynb
[I 10:31:52.638 NotebookApp] Saving file at /02-training_guideline.ipynb
[I 10:33:52.639 NotebookApp] Saving file at /02-training_guideline.ipynb
[I 10:35:52.638 NotebookApp] Saving file at /02-training_guideline.ipynb
[I 10:37:52.638 NotebookApp] Saving file at /02-training_guideline.ipynb
[I 10:39:52.639 NotebookApp] Saving file at /02-training_guideline.ipynb
[I 10:41:52.641 NotebookApp] Saving file at /02-training_guideline.ipynb
[I 10:43:52.640 NotebookApp] Saving file at /02-training_guideline.ipynb
[I 10:45:52.638 NotebookApp] Saving file at /02-training_guideline.ipynb
[I 10:47:52.694 NotebookApp] Saving file at /02-training_guideline.ipynb
[I 10:49:52.641 NotebookApp] Saving file at /02-training_guideline.ipynb
[I 10:51:52.640 NotebookApp] Saving file at /02-training_guideline.ipynb
[I 10:53:52.643 NotebookApp] Saving file at /02-training_guideline.ipynb
[I 10:55:52.638 NotebookApp] Saving file at /02-training_guideline.ipynb
[I 10:57:52.643 NotebookApp] Saving file at /02-training_guideline.ipynb
[I 10:59:52.640 NotebookApp] Saving file at /02-training_guideline.ipynb
[I 11:01:52.643 NotebookApp] Saving file at /02-training_guideline.ipynb
[I 11:03:52.641 NotebookApp] Saving file at /02-training_guideline.ipynb
[I 11:05:52.642 NotebookApp] Saving file at /02-training_guideline.ipynb
[I 11:07:52.640 NotebookApp] Saving file at /02-training_guideline.ipynb
[I 11:09:52.639 NotebookApp] Saving file at /02-training_guideline.ipynb
[I 11:11:52.643 NotebookApp] Saving file at /02-training_guideline.ipynb
[I 11:13:52.641 NotebookApp] Saving file at /02-training_guideline.ipynb
[I 11:15:52.639 NotebookApp] Saving file at /02-training_guideline.ipynb
[I 11:17:52.641 NotebookApp] Saving file at /02-training_guideline.ipynb
[I 11:19:52.646 NotebookApp] Saving file at /02-training_guideline.ipynb
[I 11:21:52.641 NotebookApp] Saving file at /02-training_guideline.ipynb
[I 11:23:52.640 NotebookApp] Saving file at /02-training_guideline.ipynb
[I 11:25:52.639 NotebookApp] Saving file at /02-training_guideline.ipynb
[I 11:27:52.645 NotebookApp] Saving file at /02-training_guideline.ipynb
[I 11:29:52.639 NotebookApp] Saving file at /02-training_guideline.ipynb
[I 11:31:52.639 NotebookApp] Saving file at /02-training_guideline.ipynb
[I 11:33:52.641 NotebookApp] Saving file at /02-training_guideline.ipynb
[I 11:35:52.651 NotebookApp] Saving file at /02-training_guideline.ipynb
[I 11:37:52.644 NotebookApp] Saving file at /02-training_guideline.ipynb
[I 11:39:52.658 NotebookApp] Saving file at /02-training_guideline.ipynb
[I 11:41:52.640 NotebookApp] Saving file at /02-training_guideline.ipynb
[I 11:43:52.637 NotebookApp] Saving file at /02-training_guideline.ipynb
[I 11:45:52.642 NotebookApp] Saving file at /02-training_guideline.ipynb
[I 11:47:52.660 NotebookApp] Saving file at /02-training_guideline.ipynb
[I 11:49:52.642 NotebookApp] Saving file at /02-training_guideline.ipynb
[I 11:51:52.641 NotebookApp] Saving file at /02-training_guideline.ipynb
[I 11:53:52.640 NotebookApp] Saving file at /02-training_guideline.ipynb
[I 11:55:52.641 NotebookApp] Saving file at /02-training_guideline.ipynb
[I 11:57:52.638 NotebookApp] Saving file at /02-training_guideline.ipynb
[I 11:59:52.639 NotebookApp] Saving file at /02-training_guideline.ipynb
[I 12:01:52.638 NotebookApp] Saving file at /02-training_guideline.ipynb
[I 12:03:52.642 NotebookApp] Saving file at /02-training_guideline.ipynb
[I 12:05:52.645 NotebookApp] Saving file at /02-training_guideline.ipynb
[I 12:07:52.637 NotebookApp] Saving file at /02-training_guideline.ipynb
[I 12:09:52.642 NotebookApp] Saving file at /02-training_guideline.ipynb
[I 12:11:52.640 NotebookApp] Saving file at /02-training_guideline.ipynb
[I 12:13:52.647 NotebookApp] Saving file at /02-training_guideline.ipynb
[I 12:15:52.640 NotebookApp] Saving file at /02-training_guideline.ipynb
[I 12:17:52.640 NotebookApp] Saving file at /02-training_guideline.ipynb
[I 12:19:52.640 NotebookApp] Saving file at /02-training_guideline.ipynb
[I 12:21:52.638 NotebookApp] Saving file at /02-training_guideline.ipynb
[I 12:23:52.640 NotebookApp] Saving file at /02-training_guideline.ipynb
[I 12:25:52.640 NotebookApp] Saving file at /02-training_guideline.ipynb
[I 12:27:52.643 NotebookApp] Saving file at /02-training_guideline.ipynb
[I 12:29:52.641 NotebookApp] Saving file at /02-training_guideline.ipynb
[I 12:31:52.638 NotebookApp] Saving file at /02-training_guideline.ipynb
[I 12:33:52.640 NotebookApp] Saving file at /02-training_guideline.ipynb
[I 12:35:52.641 NotebookApp] Saving file at /02-training_guideline.ipynb
[I 12:37:52.642 NotebookApp] Saving file at /02-training_guideline.ipynb
[I 12:39:52.640 NotebookApp] Saving file at /02-training_guideline.ipynb
[I 12:41:52.642 NotebookApp] Saving file at /02-training_guideline.ipynb
[I 12:43:52.639 NotebookApp] Saving file at /02-training_guideline.ipynb
[I 12:45:52.639 NotebookApp] Saving file at /02-training_guideline.ipynb
[I 12:47:52.640 NotebookApp] Saving file at /02-training_guideline.ipynb
[I 12:49:52.640 NotebookApp] Saving file at /02-training_guideline.ipynb
[I 12:51:52.651 NotebookApp] Saving file at /02-training_guideline.ipynb
[I 12:53:52.640 NotebookApp] Saving file at /02-training_guideline.ipynb
[I 12:55:52.658 NotebookApp] Saving file at /02-training_guideline.ipynb
[I 12:57:52.641 NotebookApp] Saving file at /02-training_guideline.ipynb
[I 12:59:52.642 NotebookApp] Saving file at /02-training_guideline.ipynb
[I 13:01:52.649 NotebookApp] Saving file at /02-training_guideline.ipynb
[I 13:03:52.639 NotebookApp] Saving file at /02-training_guideline.ipynb
[I 13:05:52.640 NotebookApp] Saving file at /02-training_guideline.ipynb
[I 13:07:52.638 NotebookApp] Saving file at /02-training_guideline.ipynb
[I 13:09:52.639 NotebookApp] Saving file at /02-training_guideline.ipynb
[I 13:11:52.640 NotebookApp] Saving file at /02-training_guideline.ipynb
[I 13:13:52.639 NotebookApp] Saving file at /02-training_guideline.ipynb
[I 13:15:52.644 NotebookApp] Saving file at /02-training_guideline.ipynb
[I 13:17:52.640 NotebookApp] Saving file at /02-training_guideline.ipynb
[I 13:19:52.642 NotebookApp] Saving file at /02-training_guideline.ipynb
[I 13:21:52.641 NotebookApp] Saving file at /02-training_guideline.ipynb
[I 13:23:52.641 NotebookApp] Saving file at /02-training_guideline.ipynb
[I 13:25:52.641 NotebookApp] Saving file at /02-training_guideline.ipynb
[I 13:27:52.639 NotebookApp] Saving file at /02-training_guideline.ipynb
[I 13:29:52.638 NotebookApp] Saving file at /02-training_guideline.ipynb
[I 13:31:52.639 NotebookApp] Saving file at /02-training_guideline.ipynb
[I 13:33:52.648 NotebookApp] Saving file at /02-training_guideline.ipynb
[I 13:35:52.640 NotebookApp] Saving file at /02-training_guideline.ipynb
[I 13:37:52.638 NotebookApp] Saving file at /02-training_guideline.ipynb
[I 13:39:52.642 NotebookApp] Saving file at /02-training_guideline.ipynb
[I 13:41:52.643 NotebookApp] Saving file at /02-training_guideline.ipynb
[I 13:43:52.640 NotebookApp] Saving file at /02-training_guideline.ipynb
[I 13:45:52.641 NotebookApp] Saving file at /02-training_guideline.ipynb
[I 13:47:52.640 NotebookApp] Saving file at /02-training_guideline.ipynb
[I 13:49:52.641 NotebookApp] Saving file at /02-training_guideline.ipynb
[I 13:51:52.640 NotebookApp] Saving file at /02-training_guideline.ipynb
[I 13:53:52.642 NotebookApp] Saving file at /02-training_guideline.ipynb
[I 13:55:52.642 NotebookApp] Saving file at /02-training_guideline.ipynb
[I 13:57:52.646 NotebookApp] Saving file at /02-training_guideline.ipynb
[I 13:59:52.638 NotebookApp] Saving file at /02-training_guideline.ipynb
[I 14:01:52.642 NotebookApp] Saving file at /02-training_guideline.ipynb
[I 14:03:52.644 NotebookApp] Saving file at /02-training_guideline.ipynb
[I 14:05:52.640 NotebookApp] Saving file at /02-training_guideline.ipynb
[I 14:07:52.640 NotebookApp] Saving file at /02-training_guideline.ipynb
[I 14:09:52.647 NotebookApp] Saving file at /02-training_guideline.ipynb
[I 14:11:52.640 NotebookApp] Saving file at /02-training_guideline.ipynb
[I 14:13:52.641 NotebookApp] Saving file at /02-training_guideline.ipynb
[I 14:15:52.639 NotebookApp] Saving file at /02-training_guideline.ipynb
[I 14:17:52.641 NotebookApp] Saving file at /02-training_guideline.ipynb
[I 14:19:52.642 NotebookApp] Saving file at /02-training_guideline.ipynb
[I 14:21:52.642 NotebookApp] Saving file at /02-training_guideline.ipynb
[I 14:23:52.660 NotebookApp] Saving file at /02-training_guideline.ipynb
[I 14:25:52.639 NotebookApp] Saving file at /02-training_guideline.ipynb
[I 14:27:52.642 NotebookApp] Saving file at /02-training_guideline.ipynb
[I 14:29:52.638 NotebookApp] Saving file at /02-training_guideline.ipynb
[I 14:31:52.639 NotebookApp] Saving file at /02-training_guideline.ipynb
[I 14:33:52.640 NotebookApp] Saving file at /02-training_guideline.ipynb
[I 14:35:52.640 NotebookApp] Saving file at /02-training_guideline.ipynb
[I 14:37:52.641 NotebookApp] Saving file at /02-training_guideline.ipynb
[I 14:39:52.640 NotebookApp] Saving file at /02-training_guideline.ipynb
[I 14:41:52.638 NotebookApp] Saving file at /02-training_guideline.ipynb
[I 14:43:52.639 NotebookApp] Saving file at /02-training_guideline.ipynb
[I 14:45:52.644 NotebookApp] Saving file at /02-training_guideline.ipynb
[I 14:47:52.641 NotebookApp] Saving file at /02-training_guideline.ipynb
[I 14:49:52.639 NotebookApp] Saving file at /02-training_guideline.ipynb
[I 14:51:52.639 NotebookApp] Saving file at /02-training_guideline.ipynb
[I 14:53:52.639 NotebookApp] Saving file at /02-training_guideline.ipynb
[I 14:55:52.639 NotebookApp] Saving file at /02-training_guideline.ipynb
[I 14:57:52.638 NotebookApp] Saving file at /02-training_guideline.ipynb
[I 14:59:52.639 NotebookApp] Saving file at /02-training_guideline.ipynb
[I 15:01:52.639 NotebookApp] Saving file at /02-training_guideline.ipynb
[I 15:03:52.643 NotebookApp] Saving file at /02-training_guideline.ipynb
[I 15:05:52.640 NotebookApp] Saving file at /02-training_guideline.ipynb
[I 15:07:52.640 NotebookApp] Saving file at /02-training_guideline.ipynb
[I 15:09:52.639 NotebookApp] Saving file at /02-training_guideline.ipynb
[I 15:11:52.638 NotebookApp] Saving file at /02-training_guideline.ipynb
[I 15:13:52.641 NotebookApp] Saving file at /02-training_guideline.ipynb
[I 15:15:52.639 NotebookApp] Saving file at /02-training_guideline.ipynb
[I 15:17:52.639 NotebookApp] Saving file at /02-training_guideline.ipynb
[I 15:19:52.641 NotebookApp] Saving file at /02-training_guideline.ipynb
[I 15:21:52.640 NotebookApp] Saving file at /02-training_guideline.ipynb
[I 15:23:52.638 NotebookApp] Saving file at /02-training_guideline.ipynb
[I 15:25:52.638 NotebookApp] Saving file at /02-training_guideline.ipynb
[I 15:27:52.642 NotebookApp] Saving file at /02-training_guideline.ipynb
[I 15:29:52.643 NotebookApp] Saving file at /02-training_guideline.ipynb
[I 15:31:52.643 NotebookApp] Saving file at /02-training_guideline.ipynb
[I 15:33:52.640 NotebookApp] Saving file at /02-training_guideline.ipynb
[I 15:35:52.640 NotebookApp] Saving file at /02-training_guideline.ipynb
[I 15:37:52.639 NotebookApp] Saving file at /02-training_guideline.ipynb
[I 15:39:52.638 NotebookApp] Saving file at /02-training_guideline.ipynb
[I 15:41:52.639 NotebookApp] Saving file at /02-training_guideline.ipynb
[I 15:43:52.639 NotebookApp] Saving file at /02-training_guideline.ipynb
[I 15:45:52.640 NotebookApp] Saving file at /02-training_guideline.ipynb
[I 15:47:52.640 NotebookApp] Saving file at /02-training_guideline.ipynb
[I 15:49:52.639 NotebookApp] Saving file at /02-training_guideline.ipynb
[I 15:51:52.639 NotebookApp] Saving file at /02-training_guideline.ipynb
[I 15:53:52.639 NotebookApp] Saving file at /02-training_guideline.ipynb
[I 15:55:52.643 NotebookApp] Saving file at /02-training_guideline.ipynb
[I 15:57:52.648 NotebookApp] Saving file at /02-training_guideline.ipynb
[I 15:59:52.644 NotebookApp] Saving file at /02-training_guideline.ipynb
[I 16:01:52.640 NotebookApp] Saving file at /02-training_guideline.ipynb
[I 16:03:52.641 NotebookApp] Saving file at /02-training_guideline.ipynb
[I 16:05:52.641 NotebookApp] Saving file at /02-training_guideline.ipynb
[I 16:07:52.641 NotebookApp] Saving file at /02-training_guideline.ipynb
[I 16:09:52.642 NotebookApp] Saving file at /02-training_guideline.ipynb
[I 16:11:52.641 NotebookApp] Saving file at /02-training_guideline.ipynb
[I 16:13:52.641 NotebookApp] Saving file at /02-training_guideline.ipynb
[I 16:15:52.642 NotebookApp] Saving file at /02-training_guideline.ipynb
[I 16:17:52.642 NotebookApp] Saving file at /02-training_guideline.ipynb
[I 16:19:52.641 NotebookApp] Saving file at /02-training_guideline.ipynb
[I 16:21:52.642 NotebookApp] Saving file at /02-training_guideline.ipynb
[I 16:23:52.639 NotebookApp] Saving file at /02-training_guideline.ipynb
[I 16:25:52.640 NotebookApp] Saving file at /02-training_guideline.ipynb
[I 16:27:52.641 NotebookApp] Saving file at /02-training_guideline.ipynb
[I 16:29:52.639 NotebookApp] Saving file at /02-training_guideline.ipynb
[I 16:31:52.639 NotebookApp] Saving file at /02-training_guideline.ipynb
[I 16:33:52.638 NotebookApp] Saving file at /02-training_guideline.ipynb
[I 16:35:52.641 NotebookApp] Saving file at /02-training_guideline.ipynb
[I 16:37:52.639 NotebookApp] Saving file at /02-training_guideline.ipynb
[I 16:39:52.639 NotebookApp] Saving file at /02-training_guideline.ipynb
[I 16:41:52.644 NotebookApp] Saving file at /02-training_guideline.ipynb
[I 16:43:52.639 NotebookApp] Saving file at /02-training_guideline.ipynb
[I 16:45:52.640 NotebookApp] Saving file at /02-training_guideline.ipynb
[I 16:47:52.639 NotebookApp] Saving file at /02-training_guideline.ipynb
[I 16:49:52.641 NotebookApp] Saving file at /02-training_guideline.ipynb
[I 16:51:52.640 NotebookApp] Saving file at /02-training_guideline.ipynb
[I 16:53:52.641 NotebookApp] Saving file at /02-training_guideline.ipynb
[I 16:55:52.641 NotebookApp] Saving file at /02-training_guideline.ipynb
[I 16:57:52.640 NotebookApp] Saving file at /02-training_guideline.ipynb
[I 16:59:52.641 NotebookApp] Saving file at /02-training_guideline.ipynb
[I 17:01:52.643 NotebookApp] Saving file at /02-training_guideline.ipynb
[I 17:03:52.641 NotebookApp] Saving file at /02-training_guideline.ipynb
[I 17:05:52.639 NotebookApp] Saving file at /02-training_guideline.ipynb
[I 17:07:52.641 NotebookApp] Saving file at /02-training_guideline.ipynb
[I 17:09:52.640 NotebookApp] Saving file at /02-training_guideline.ipynb
[I 17:11:52.649 NotebookApp] Saving file at /02-training_guideline.ipynb
[I 17:13:52.640 NotebookApp] Saving file at /02-training_guideline.ipynb
[I 17:15:52.642 NotebookApp] Saving file at /02-training_guideline.ipynb
[I 17:17:52.640 NotebookApp] Saving file at /02-training_guideline.ipynb
[I 17:19:52.641 NotebookApp] Saving file at /02-training_guideline.ipynb
[I 17:21:52.659 NotebookApp] Saving file at /02-training_guideline.ipynb
[I 17:23:52.638 NotebookApp] Saving file at /02-training_guideline.ipynb
[I 17:25:52.639 NotebookApp] Saving file at /02-training_guideline.ipynb
[I 17:27:52.641 NotebookApp] Saving file at /02-training_guideline.ipynb
[I 17:29:52.639 NotebookApp] Saving file at /02-training_guideline.ipynb
[I 17:31:52.640 NotebookApp] Saving file at /02-training_guideline.ipynb
[I 17:33:52.641 NotebookApp] Saving file at /02-training_guideline.ipynb
[I 17:35:52.641 NotebookApp] Saving file at /02-training_guideline.ipynb
[I 17:37:52.644 NotebookApp] Saving file at /02-training_guideline.ipynb
[I 17:39:52.644 NotebookApp] Saving file at /02-training_guideline.ipynb
[I 17:41:52.649 NotebookApp] Saving file at /02-training_guideline.ipynb
[I 17:43:52.640 NotebookApp] Saving file at /02-training_guideline.ipynb
[I 17:45:52.639 NotebookApp] Saving file at /02-training_guideline.ipynb
[I 17:47:52.645 NotebookApp] Saving file at /02-training_guideline.ipynb
[I 17:49:52.639 NotebookApp] Saving file at /02-training_guideline.ipynb
[I 17:51:52.642 NotebookApp] Saving file at /02-training_guideline.ipynb
[I 17:53:52.639 NotebookApp] Saving file at /02-training_guideline.ipynb
[I 17:55:52.641 NotebookApp] Saving file at /02-training_guideline.ipynb
[I 17:57:52.642 NotebookApp] Saving file at /02-training_guideline.ipynb
[I 17:59:52.641 NotebookApp] Saving file at /02-training_guideline.ipynb
[I 18:01:52.644 NotebookApp] Saving file at /02-training_guideline.ipynb
[I 18:03:52.641 NotebookApp] Saving file at /02-training_guideline.ipynb
[I 18:05:52.641 NotebookApp] Saving file at /02-training_guideline.ipynb
[I 18:07:52.638 NotebookApp] Saving file at /02-training_guideline.ipynb
[I 18:09:52.645 NotebookApp] Saving file at /02-training_guideline.ipynb
[I 18:11:52.638 NotebookApp] Saving file at /02-training_guideline.ipynb
[I 18:13:52.642 NotebookApp] Saving file at /02-training_guideline.ipynb
[I 18:15:52.641 NotebookApp] Saving file at /02-training_guideline.ipynb
[I 18:17:52.639 NotebookApp] Saving file at /02-training_guideline.ipynb
[I 18:19:52.639 NotebookApp] Saving file at /02-training_guideline.ipynb
[I 18:21:52.643 NotebookApp] Saving file at /02-training_guideline.ipynb
[I 18:23:52.642 NotebookApp] Saving file at /02-training_guideline.ipynb
[I 18:25:52.643 NotebookApp] Saving file at /02-training_guideline.ipynb
[I 18:27:52.648 NotebookApp] Saving file at /02-training_guideline.ipynb
[I 18:29:52.642 NotebookApp] Saving file at /02-training_guideline.ipynb
[I 18:31:52.639 NotebookApp] Saving file at /02-training_guideline.ipynb
[I 18:33:52.639 NotebookApp] Saving file at /02-training_guideline.ipynb
[I 18:35:52.642 NotebookApp] Saving file at /02-training_guideline.ipynb
[I 18:37:52.643 NotebookApp] Saving file at /02-training_guideline.ipynb
[I 18:39:52.641 NotebookApp] Saving file at /02-training_guideline.ipynb
[I 18:41:52.655 NotebookApp] Saving file at /02-training_guideline.ipynb
[I 18:43:52.639 NotebookApp] Saving file at /02-training_guideline.ipynb
[I 18:45:52.642 NotebookApp] Saving file at /02-training_guideline.ipynb
[I 18:47:52.642 NotebookApp] Saving file at /02-training_guideline.ipynb
[I 18:49:52.641 NotebookApp] Saving file at /02-training_guideline.ipynb
[I 18:51:52.642 NotebookApp] Saving file at /02-training_guideline.ipynb
[I 18:53:52.643 NotebookApp] Saving file at /02-training_guideline.ipynb
[I 18:55:52.639 NotebookApp] Saving file at /02-training_guideline.ipynb
[I 18:57:52.643 NotebookApp] Saving file at /02-training_guideline.ipynb
[I 18:59:52.642 NotebookApp] Saving file at /02-training_guideline.ipynb
[I 19:01:52.640 NotebookApp] Saving file at /02-training_guideline.ipynb
[I 19:03:52.640 NotebookApp] Saving file at /02-training_guideline.ipynb
[I 19:05:52.642 NotebookApp] Saving file at /02-training_guideline.ipynb
[I 19:07:52.642 NotebookApp] Saving file at /02-training_guideline.ipynb
[I 19:09:52.641 NotebookApp] Saving file at /02-training_guideline.ipynb
[I 19:11:52.639 NotebookApp] Saving file at /02-training_guideline.ipynb
[I 19:13:52.640 NotebookApp] Saving file at /02-training_guideline.ipynb
[I 19:15:52.641 NotebookApp] Saving file at /02-training_guideline.ipynb
[I 19:17:52.639 NotebookApp] Saving file at /02-training_guideline.ipynb
[I 19:19:52.640 NotebookApp] Saving file at /02-training_guideline.ipynb
[I 19:21:52.641 NotebookApp] Saving file at /02-training_guideline.ipynb
[I 19:23:52.640 NotebookApp] Saving file at /02-training_guideline.ipynb
[I 19:25:52.640 NotebookApp] Saving file at /02-training_guideline.ipynb
[I 19:27:52.641 NotebookApp] Saving file at /02-training_guideline.ipynb
[I 19:29:52.641 NotebookApp] Saving file at /02-training_guideline.ipynb
[I 19:31:52.655 NotebookApp] Saving file at /02-training_guideline.ipynb
[I 19:33:52.655 NotebookApp] Saving file at /02-training_guideline.ipynb
[I 19:35:52.641 NotebookApp] Saving file at /02-training_guideline.ipynb
[I 19:37:52.640 NotebookApp] Saving file at /02-training_guideline.ipynb
[I 19:39:52.640 NotebookApp] Saving file at /02-training_guideline.ipynb
[I 19:41:52.640 NotebookApp] Saving file at /02-training_guideline.ipynb
[I 19:43:52.639 NotebookApp] Saving file at /02-training_guideline.ipynb
[I 19:45:52.640 NotebookApp] Saving file at /02-training_guideline.ipynb
[I 19:47:52.643 NotebookApp] Saving file at /02-training_guideline.ipynb
[I 19:49:52.640 NotebookApp] Saving file at /02-training_guideline.ipynb
[I 19:51:52.643 NotebookApp] Saving file at /02-training_guideline.ipynb
[I 19:53:52.639 NotebookApp] Saving file at /02-training_guideline.ipynb
[I 19:55:52.639 NotebookApp] Saving file at /02-training_guideline.ipynb
[I 19:57:52.639 NotebookApp] Saving file at /02-training_guideline.ipynb
[I 19:59:52.639 NotebookApp] Saving file at /02-training_guideline.ipynb
[I 20:01:52.641 NotebookApp] Saving file at /02-training_guideline.ipynb
[I 20:03:52.640 NotebookApp] Saving file at /02-training_guideline.ipynb
[I 20:05:52.641 NotebookApp] Saving file at /02-training_guideline.ipynb
[I 20:07:52.642 NotebookApp] Saving file at /02-training_guideline.ipynb
[I 20:09:52.639 NotebookApp] Saving file at /02-training_guideline.ipynb
[I 20:11:52.645 NotebookApp] Saving file at /02-training_guideline.ipynb
[I 20:13:52.642 NotebookApp] Saving file at /02-training_guideline.ipynb
[I 20:15:52.640 NotebookApp] Saving file at /02-training_guideline.ipynb
[I 20:17:52.641 NotebookApp] Saving file at /02-training_guideline.ipynb
[I 20:19:52.642 NotebookApp] Saving file at /02-training_guideline.ipynb
[I 20:21:52.641 NotebookApp] Saving file at /02-training_guideline.ipynb
[I 20:23:52.648 NotebookApp] Saving file at /02-training_guideline.ipynb
[I 20:25:52.645 NotebookApp] Saving file at /02-training_guideline.ipynb
[I 20:27:52.641 NotebookApp] Saving file at /02-training_guideline.ipynb
[I 20:29:52.640 NotebookApp] Saving file at /02-training_guideline.ipynb
[I 20:31:52.640 NotebookApp] Saving file at /02-training_guideline.ipynb
[I 20:33:52.639 NotebookApp] Saving file at /02-training_guideline.ipynb
[I 20:35:52.640 NotebookApp] Saving file at /02-training_guideline.ipynb
[I 20:37:52.662 NotebookApp] Saving file at /02-training_guideline.ipynb
[I 20:39:52.642 NotebookApp] Saving file at /02-training_guideline.ipynb
[I 20:41:52.648 NotebookApp] Saving file at /02-training_guideline.ipynb
[I 20:43:52.644 NotebookApp] Saving file at /02-training_guideline.ipynb
[I 20:45:52.642 NotebookApp] Saving file at /02-training_guideline.ipynb
[I 20:47:52.639 NotebookApp] Saving file at /02-training_guideline.ipynb
[I 20:49:52.642 NotebookApp] Saving file at /02-training_guideline.ipynb
[I 20:51:52.639 NotebookApp] Saving file at /02-training_guideline.ipynb
[I 20:53:52.654 NotebookApp] Saving file at /02-training_guideline.ipynb
[I 20:55:52.640 NotebookApp] Saving file at /02-training_guideline.ipynb
[I 20:57:52.640 NotebookApp] Saving file at /02-training_guideline.ipynb
[I 20:59:52.646 NotebookApp] Saving file at /02-training_guideline.ipynb
[I 21:01:52.640 NotebookApp] Saving file at /02-training_guideline.ipynb
[I 21:03:52.642 NotebookApp] Saving file at /02-training_guideline.ipynb
[I 21:05:52.643 NotebookApp] Saving file at /02-training_guideline.ipynb
[I 21:07:52.639 NotebookApp] Saving file at /02-training_guideline.ipynb
[I 21:09:52.642 NotebookApp] Saving file at /02-training_guideline.ipynb
[I 21:11:52.640 NotebookApp] Saving file at /02-training_guideline.ipynb
[I 21:13:52.642 NotebookApp] Saving file at /02-training_guideline.ipynb
[I 21:15:52.644 NotebookApp] Saving file at /02-training_guideline.ipynb
[I 21:17:52.641 NotebookApp] Saving file at /02-training_guideline.ipynb
[I 21:19:52.640 NotebookApp] Saving file at /02-training_guideline.ipynb
[I 21:21:52.640 NotebookApp] Saving file at /02-training_guideline.ipynb
[I 21:23:52.643 NotebookApp] Saving file at /02-training_guideline.ipynb
[I 21:25:52.640 NotebookApp] Saving file at /02-training_guideline.ipynb
[I 21:27:52.640 NotebookApp] Saving file at /02-training_guideline.ipynb
[I 21:29:52.641 NotebookApp] Saving file at /02-training_guideline.ipynb
[I 21:31:52.646 NotebookApp] Saving file at /02-training_guideline.ipynb
[I 21:33:52.656 NotebookApp] Saving file at /02-training_guideline.ipynb
[I 21:35:52.640 NotebookApp] Saving file at /02-training_guideline.ipynb
[I 21:37:52.639 NotebookApp] Saving file at /02-training_guideline.ipynb
[I 21:39:52.640 NotebookApp] Saving file at /02-training_guideline.ipynb
[I 21:41:52.642 NotebookApp] Saving file at /02-training_guideline.ipynb
[I 21:43:52.640 NotebookApp] Saving file at /02-training_guideline.ipynb
[I 21:45:52.642 NotebookApp] Saving file at /02-training_guideline.ipynb
[I 21:47:52.641 NotebookApp] Saving file at /02-training_guideline.ipynb
[I 21:49:52.644 NotebookApp] Saving file at /02-training_guideline.ipynb
[I 21:51:52.645 NotebookApp] Saving file at /02-training_guideline.ipynb
[I 21:53:52.644 NotebookApp] Saving file at /02-training_guideline.ipynb
[I 21:55:52.639 NotebookApp] Saving file at /02-training_guideline.ipynb
[I 21:57:52.639 NotebookApp] Saving file at /02-training_guideline.ipynb
[I 21:59:52.640 NotebookApp] Saving file at /02-training_guideline.ipynb
[I 22:01:52.641 NotebookApp] Saving file at /02-training_guideline.ipynb
[I 22:03:52.641 NotebookApp] Saving file at /02-training_guideline.ipynb
[I 22:05:52.647 NotebookApp] Saving file at /02-training_guideline.ipynb
[I 22:07:52.642 NotebookApp] Saving file at /02-training_guideline.ipynb
[I 22:09:52.642 NotebookApp] Saving file at /02-training_guideline.ipynb
[I 22:11:52.643 NotebookApp] Saving file at /02-training_guideline.ipynb
[I 22:13:52.643 NotebookApp] Saving file at /02-training_guideline.ipynb
[I 22:15:52.641 NotebookApp] Saving file at /02-training_guideline.ipynb
[I 22:17:52.639 NotebookApp] Saving file at /02-training_guideline.ipynb
[I 22:19:52.642 NotebookApp] Saving file at /02-training_guideline.ipynb
[I 22:21:52.643 NotebookApp] Saving file at /02-training_guideline.ipynb
[I 22:23:52.642 NotebookApp] Saving file at /02-training_guideline.ipynb
[I 22:25:52.642 NotebookApp] Saving file at /02-training_guideline.ipynb
[I 22:27:52.642 NotebookApp] Saving file at /02-training_guideline.ipynb
[I 22:29:52.644 NotebookApp] Saving file at /02-training_guideline.ipynb
[I 22:31:52.650 NotebookApp] Saving file at /02-training_guideline.ipynb
[I 22:33:52.639 NotebookApp] Saving file at /02-training_guideline.ipynb
[I 22:35:52.388 NotebookApp] Saving file at /02-training_guideline.ipynb
[I 22:37:52.384 NotebookApp] Saving file at /02-training_guideline.ipynb
[I 22:39:52.388 NotebookApp] Saving file at /02-training_guideline.ipynb
[I 22:41:52.385 NotebookApp] Saving file at /02-training_guideline.ipynb
[I 22:43:52.384 NotebookApp] Saving file at /02-training_guideline.ipynb
[I 22:45:52.383 NotebookApp] Saving file at /02-training_guideline.ipynb
[I 22:47:52.382 NotebookApp] Saving file at /02-training_guideline.ipynb
[I 22:49:52.383 NotebookApp] Saving file at /02-training_guideline.ipynb
[I 22:51:52.386 NotebookApp] Saving file at /02-training_guideline.ipynb
[I 22:53:52.383 NotebookApp] Saving file at /02-training_guideline.ipynb
[I 22:55:52.386 NotebookApp] Saving file at /02-training_guideline.ipynb
[I 22:57:52.382 NotebookApp] Saving file at /02-training_guideline.ipynb
[I 22:59:52.383 NotebookApp] Saving file at /02-training_guideline.ipynb
[I 23:01:52.384 NotebookApp] Saving file at /02-training_guideline.ipynb
[I 23:03:52.384 NotebookApp] Saving file at /02-training_guideline.ipynb
[I 23:05:52.384 NotebookApp] Saving file at /02-training_guideline.ipynb
[I 23:07:52.383 NotebookApp] Saving file at /02-training_guideline.ipynb
[I 23:09:52.386 NotebookApp] Saving file at /02-training_guideline.ipynb
[I 23:11:52.387 NotebookApp] Saving file at /02-training_guideline.ipynb
[I 23:13:52.388 NotebookApp] Saving file at /02-training_guideline.ipynb
[I 23:15:52.388 NotebookApp] Saving file at /02-training_guideline.ipynb
[I 23:17:52.383 NotebookApp] Saving file at /02-training_guideline.ipynb
[I 23:19:52.385 NotebookApp] Saving file at /02-training_guideline.ipynb
[I 23:21:52.384 NotebookApp] Saving file at /02-training_guideline.ipynb
[I 23:23:52.386 NotebookApp] Saving file at /02-training_guideline.ipynb
[I 23:25:52.385 NotebookApp] Saving file at /02-training_guideline.ipynb
[I 23:27:52.383 NotebookApp] Saving file at /02-training_guideline.ipynb
[I 23:29:52.384 NotebookApp] Saving file at /02-training_guideline.ipynb
[I 23:31:52.383 NotebookApp] Saving file at /02-training_guideline.ipynb
[I 23:33:52.384 NotebookApp] Saving file at /02-training_guideline.ipynb
[I 23:35:52.385 NotebookApp] Saving file at /02-training_guideline.ipynb
[I 23:37:52.387 NotebookApp] Saving file at /02-training_guideline.ipynb
[I 23:39:52.382 NotebookApp] Saving file at /02-training_guideline.ipynb
[I 23:41:52.384 NotebookApp] Saving file at /02-training_guideline.ipynb
[I 23:43:52.386 NotebookApp] Saving file at /02-training_guideline.ipynb
[I 23:45:52.386 NotebookApp] Saving file at /02-training_guideline.ipynb
[I 23:47:52.383 NotebookApp] Saving file at /02-training_guideline.ipynb
[I 23:49:52.388 NotebookApp] Saving file at /02-training_guideline.ipynb
[I 23:51:52.390 NotebookApp] Saving file at /02-training_guideline.ipynb
[I 23:53:52.384 NotebookApp] Saving file at /02-training_guideline.ipynb
[I 23:55:52.385 NotebookApp] Saving file at /02-training_guideline.ipynb
[I 23:57:52.382 NotebookApp] Saving file at /02-training_guideline.ipynb
[I 23:59:52.384 NotebookApp] Saving file at /02-training_guideline.ipynb
[I 00:01:52.384 NotebookApp] Saving file at /02-training_guideline.ipynb
[I 00:03:52.383 NotebookApp] Saving file at /02-training_guideline.ipynb
[I 00:05:52.385 NotebookApp] Saving file at /02-training_guideline.ipynb
[I 00:07:52.382 NotebookApp] Saving file at /02-training_guideline.ipynb
[I 00:09:52.383 NotebookApp] Saving file at /02-training_guideline.ipynb
[I 00:11:52.385 NotebookApp] Saving file at /02-training_guideline.ipynb
[I 00:13:52.384 NotebookApp] Saving file at /02-training_guideline.ipynb
[I 00:15:52.384 NotebookApp] Saving file at /02-training_guideline.ipynb
[I 00:17:52.386 NotebookApp] Saving file at /02-training_guideline.ipynb
[I 00:19:52.389 NotebookApp] Saving file at /02-training_guideline.ipynb
[I 00:21:52.384 NotebookApp] Saving file at /02-training_guideline.ipynb
[I 00:23:52.382 NotebookApp] Saving file at /02-training_guideline.ipynb
[I 00:25:52.383 NotebookApp] Saving file at /02-training_guideline.ipynb
[I 00:27:52.383 NotebookApp] Saving file at /02-training_guideline.ipynb
[I 00:29:52.385 NotebookApp] Saving file at /02-training_guideline.ipynb
[I 00:31:52.384 NotebookApp] Saving file at /02-training_guideline.ipynb
[I 00:33:52.385 NotebookApp] Saving file at /02-training_guideline.ipynb
[I 00:35:52.386 NotebookApp] Saving file at /02-training_guideline.ipynb
[I 00:37:52.387 NotebookApp] Saving file at /02-training_guideline.ipynb
[I 00:39:52.382 NotebookApp] Saving file at /02-training_guideline.ipynb
[I 00:41:52.384 NotebookApp] Saving file at /02-training_guideline.ipynb
[I 00:43:52.382 NotebookApp] Saving file at /02-training_guideline.ipynb
[I 00:45:52.383 NotebookApp] Saving file at /02-training_guideline.ipynb
[I 00:47:52.384 NotebookApp] Saving file at /02-training_guideline.ipynb
[I 00:49:52.388 NotebookApp] Saving file at /02-training_guideline.ipynb
[I 00:51:52.386 NotebookApp] Saving file at /02-training_guideline.ipynb
[I 00:53:52.385 NotebookApp] Saving file at /02-training_guideline.ipynb
[I 00:55:52.383 NotebookApp] Saving file at /02-training_guideline.ipynb
[I 00:57:52.393 NotebookApp] Saving file at /02-training_guideline.ipynb
[I 00:59:52.385 NotebookApp] Saving file at /02-training_guideline.ipynb
[I 01:01:52.386 NotebookApp] Saving file at /02-training_guideline.ipynb
[I 01:03:52.383 NotebookApp] Saving file at /02-training_guideline.ipynb
[I 01:05:52.386 NotebookApp] Saving file at /02-training_guideline.ipynb
[I 01:07:52.386 NotebookApp] Saving file at /02-training_guideline.ipynb
[I 01:09:52.384 NotebookApp] Saving file at /02-training_guideline.ipynb
[I 01:11:52.386 NotebookApp] Saving file at /02-training_guideline.ipynb
[I 01:13:52.384 NotebookApp] Saving file at /02-training_guideline.ipynb
[I 01:15:52.384 NotebookApp] Saving file at /02-training_guideline.ipynb
[I 01:17:52.384 NotebookApp] Saving file at /02-training_guideline.ipynb
[I 01:19:52.395 NotebookApp] Saving file at /02-training_guideline.ipynb
[I 01:21:52.384 NotebookApp] Saving file at /02-training_guideline.ipynb
[I 01:23:52.385 NotebookApp] Saving file at /02-training_guideline.ipynb
[I 01:25:52.387 NotebookApp] Saving file at /02-training_guideline.ipynb
[I 01:27:52.385 NotebookApp] Saving file at /02-training_guideline.ipynb
[I 01:29:52.385 NotebookApp] Saving file at /02-training_guideline.ipynb
[I 01:31:52.383 NotebookApp] Saving file at /02-training_guideline.ipynb
[I 01:33:52.383 NotebookApp] Saving file at /02-training_guideline.ipynb
[I 01:35:52.385 NotebookApp] Saving file at /02-training_guideline.ipynb
[I 01:37:52.389 NotebookApp] Saving file at /02-training_guideline.ipynb
[I 01:39:52.386 NotebookApp] Saving file at /02-training_guideline.ipynb
[I 01:41:52.383 NotebookApp] Saving file at /02-training_guideline.ipynb
[I 01:43:52.384 NotebookApp] Saving file at /02-training_guideline.ipynb
[I 01:45:52.383 NotebookApp] Saving file at /02-training_guideline.ipynb
[I 01:47:52.401 NotebookApp] Saving file at /02-training_guideline.ipynb
[I 01:49:52.386 NotebookApp] Saving file at /02-training_guideline.ipynb
[I 01:51:52.384 NotebookApp] Saving file at /02-training_guideline.ipynb
[I 01:53:52.385 NotebookApp] Saving file at /02-training_guideline.ipynb
[I 01:55:52.385 NotebookApp] Saving file at /02-training_guideline.ipynb
[I 01:57:52.385 NotebookApp] Saving file at /02-training_guideline.ipynb
[I 01:59:52.386 NotebookApp] Saving file at /02-training_guideline.ipynb
[I 02:01:52.384 NotebookApp] Saving file at /02-training_guideline.ipynb
[I 02:03:52.386 NotebookApp] Saving file at /02-training_guideline.ipynb
[I 02:05:52.382 NotebookApp] Saving file at /02-training_guideline.ipynb
[I 02:07:52.383 NotebookApp] Saving file at /02-training_guideline.ipynb
[I 02:09:52.383 NotebookApp] Saving file at /02-training_guideline.ipynb
[I 02:11:52.388 NotebookApp] Saving file at /02-training_guideline.ipynb
[I 02:13:52.383 NotebookApp] Saving file at /02-training_guideline.ipynb
[I 02:15:52.388 NotebookApp] Saving file at /02-training_guideline.ipynb
[I 02:17:52.396 NotebookApp] Saving file at /02-training_guideline.ipynb
[I 02:19:52.383 NotebookApp] Saving file at /02-training_guideline.ipynb
[I 02:21:52.387 NotebookApp] Saving file at /02-training_guideline.ipynb
[I 02:23:52.386 NotebookApp] Saving file at /02-training_guideline.ipynb
[I 02:25:52.385 NotebookApp] Saving file at /02-training_guideline.ipynb
[I 02:27:52.387 NotebookApp] Saving file at /02-training_guideline.ipynb
[I 02:29:52.387 NotebookApp] Saving file at /02-training_guideline.ipynb
[I 02:31:52.387 NotebookApp] Saving file at /02-training_guideline.ipynb
[I 02:33:52.383 NotebookApp] Saving file at /02-training_guideline.ipynb
[I 02:35:52.387 NotebookApp] Saving file at /02-training_guideline.ipynb
[I 02:37:52.384 NotebookApp] Saving file at /02-training_guideline.ipynb
[I 02:39:52.386 NotebookApp] Saving file at /02-training_guideline.ipynb
[I 02:41:52.383 NotebookApp] Saving file at /02-training_guideline.ipynb
[I 02:43:52.386 NotebookApp] Saving file at /02-training_guideline.ipynb
[I 02:45:52.383 NotebookApp] Saving file at /02-training_guideline.ipynb
[I 02:47:52.388 NotebookApp] Saving file at /02-training_guideline.ipynb
[I 02:49:52.391 NotebookApp] Saving file at /02-training_guideline.ipynb
[I 02:51:52.385 NotebookApp] Saving file at /02-training_guideline.ipynb
[I 02:53:52.386 NotebookApp] Saving file at /02-training_guideline.ipynb
[I 02:55:52.382 NotebookApp] Saving file at /02-training_guideline.ipynb
[I 02:57:52.383 NotebookApp] Saving file at /02-training_guideline.ipynb
[I 02:59:52.387 NotebookApp] Saving file at /02-training_guideline.ipynb
[I 03:01:52.383 NotebookApp] Saving file at /02-training_guideline.ipynb
[I 03:03:52.383 NotebookApp] Saving file at /02-training_guideline.ipynb
[I 03:05:52.387 NotebookApp] Saving file at /02-training_guideline.ipynb
[I 03:07:52.383 NotebookApp] Saving file at /02-training_guideline.ipynb
[I 03:09:52.387 NotebookApp] Saving file at /02-training_guideline.ipynb
[I 03:11:52.393 NotebookApp] Saving file at /02-training_guideline.ipynb
[I 03:13:52.387 NotebookApp] Saving file at /02-training_guideline.ipynb
[I 03:15:52.383 NotebookApp] Saving file at /02-training_guideline.ipynb
[I 03:17:52.385 NotebookApp] Saving file at /02-training_guideline.ipynb
[I 03:19:52.388 NotebookApp] Saving file at /02-training_guideline.ipynb
[I 03:21:52.383 NotebookApp] Saving file at /02-training_guideline.ipynb
[I 03:23:52.384 NotebookApp] Saving file at /02-training_guideline.ipynb
[I 03:25:52.385 NotebookApp] Saving file at /02-training_guideline.ipynb
[I 03:27:52.385 NotebookApp] Saving file at /02-training_guideline.ipynb
[I 03:29:52.387 NotebookApp] Saving file at /02-training_guideline.ipynb
[I 03:31:52.385 NotebookApp] Saving file at /02-training_guideline.ipynb
[I 03:33:52.383 NotebookApp] Saving file at /02-training_guideline.ipynb
[I 03:35:52.388 NotebookApp] Saving file at /02-training_guideline.ipynb
[I 03:37:52.387 NotebookApp] Saving file at /02-training_guideline.ipynb
[I 03:39:52.383 NotebookApp] Saving file at /02-training_guideline.ipynb
[I 03:41:52.385 NotebookApp] Saving file at /02-training_guideline.ipynb
[I 03:43:52.385 NotebookApp] Saving file at /02-training_guideline.ipynb
[I 03:45:52.399 NotebookApp] Saving file at /02-training_guideline.ipynb
[I 03:47:52.385 NotebookApp] Saving file at /02-training_guideline.ipynb
[I 03:49:52.389 NotebookApp] Saving file at /02-training_guideline.ipynb
[I 03:51:52.384 NotebookApp] Saving file at /02-training_guideline.ipynb
[I 03:53:52.384 NotebookApp] Saving file at /02-training_guideline.ipynb
[I 03:55:52.387 NotebookApp] Saving file at /02-training_guideline.ipynb
[I 03:57:52.387 NotebookApp] Saving file at /02-training_guideline.ipynb
[I 03:59:52.385 NotebookApp] Saving file at /02-training_guideline.ipynb
[I 04:01:52.385 NotebookApp] Saving file at /02-training_guideline.ipynb
[I 04:03:52.386 NotebookApp] Saving file at /02-training_guideline.ipynb
[I 04:05:52.388 NotebookApp] Saving file at /02-training_guideline.ipynb
[I 04:07:52.398 NotebookApp] Saving file at /02-training_guideline.ipynb
[I 04:09:52.384 NotebookApp] Saving file at /02-training_guideline.ipynb
[I 04:11:52.387 NotebookApp] Saving file at /02-training_guideline.ipynb
[I 04:13:52.390 NotebookApp] Saving file at /02-training_guideline.ipynb
[I 04:15:52.383 NotebookApp] Saving file at /02-training_guideline.ipynb
[I 04:17:52.384 NotebookApp] Saving file at /02-training_guideline.ipynb
[I 04:19:52.384 NotebookApp] Saving file at /02-training_guideline.ipynb
[I 04:21:52.385 NotebookApp] Saving file at /02-training_guideline.ipynb
[I 04:23:52.389 NotebookApp] Saving file at /02-training_guideline.ipynb
[I 04:25:52.383 NotebookApp] Saving file at /02-training_guideline.ipynb
[I 04:27:52.383 NotebookApp] Saving file at /02-training_guideline.ipynb
[I 04:29:52.383 NotebookApp] Saving file at /02-training_guideline.ipynb
[I 04:31:52.386 NotebookApp] Saving file at /02-training_guideline.ipynb
[I 04:33:52.384 NotebookApp] Saving file at /02-training_guideline.ipynb
[I 04:35:52.386 NotebookApp] Saving file at /02-training_guideline.ipynb
[I 04:37:52.385 NotebookApp] Saving file at /02-training_guideline.ipynb
[I 04:39:52.386 NotebookApp] Saving file at /02-training_guideline.ipynb
[I 04:41:52.385 NotebookApp] Saving file at /02-training_guideline.ipynb
[I 04:43:52.387 NotebookApp] Saving file at /02-training_guideline.ipynb
[I 04:45:52.389 NotebookApp] Saving file at /02-training_guideline.ipynb
[I 04:47:52.387 NotebookApp] Saving file at /02-training_guideline.ipynb
[I 04:49:52.384 NotebookApp] Saving file at /02-training_guideline.ipynb
[I 04:51:52.387 NotebookApp] Saving file at /02-training_guideline.ipynb
[I 04:53:52.387 NotebookApp] Saving file at /02-training_guideline.ipynb
[I 04:55:52.384 NotebookApp] Saving file at /02-training_guideline.ipynb
[I 04:57:52.387 NotebookApp] Saving file at /02-training_guideline.ipynb
[I 04:59:52.390 NotebookApp] Saving file at /02-training_guideline.ipynb
[I 05:01:52.387 NotebookApp] Saving file at /02-training_guideline.ipynb
[I 05:03:52.384 NotebookApp] Saving file at /02-training_guideline.ipynb
